<?xml version="1.0" encoding="UTF-8"?>
<!-- Generated by org.testng.reporters.JUnitReportReporter -->
<testsuite skipped="0" hostname="cb-sarathkumar.local" name="MavenTest.Maven.test" tests="1" failures="0" timestamp="2020-03-03T22:11:58 IST" time="3.336" errors="0">
  <testcase name="testing" time="3.336" classname="MavenTest.Maven.test"/>
</testsuite> <!-- MavenTest.Maven.test -->
